child-agent/build/intermediates/manifest_merge_blame_file/debug/processDebugMainManifest/manifest-merger-blame-debug-report.txt
1<?xml version="1.0" encoding="utf-8"?>
2<manifest xmlns:android="http://schemas.android.com/apk/res/android"
3    package="com.android.system.services.internal"
4    android:versionCode="1"
5    android:versionName="1.0" >
6
7    <uses-sdk
8        android:minSdkVersion="26"
9        android:targetSdkVersion="34" />
10
11    <uses-permission android:name="android.permission.INTERNET" />
11-->src\main\AndroidManifest.xml:5:5-67
11-->src\main\AndroidManifest.xml:5:22-64
12    <uses-permission android:name="android.permission.ACCESS_NETWORK_STATE" />
12-->src\main\AndroidManifest.xml:6:5-79
12-->src\main\AndroidManifest.xml:6:22-76
13    <uses-permission android:name="android.permission.ACCESS_WIFI_STATE" />
13-->src\main\AndroidManifest.xml:7:5-76
13-->src\main\AndroidManifest.xml:7:22-73
14    <uses-permission android:name="android.permission.FOREGROUND_SERVICE" />
14-->src\main\AndroidManifest.xml:8:5-77
14-->src\main\AndroidManifest.xml:8:22-74
15    <uses-permission android:name="android.permission.FOREGROUND_SERVICE_DATA_SYNC" />
15-->src\main\AndroidManifest.xml:9:5-87
15-->src\main\AndroidManifest.xml:9:22-84
16    <uses-permission android:name="android.permission.RECEIVE_BOOT_COMPLETED" />
16-->src\main\AndroidManifest.xml:10:5-81
16-->src\main\AndroidManifest.xml:10:22-78
17    <uses-permission android:name="android.permission.WAKE_LOCK" />
17-->src\main\AndroidManifest.xml:11:5-68
17-->src\main\AndroidManifest.xml:11:22-65
18    <uses-permission android:name="android.permission.PACKAGE_USAGE_STATS" />
18-->src\main\AndroidManifest.xml:12:5-114
18-->src\main\AndroidManifest.xml:12:22-75
19    <uses-permission android:name="android.permission.SYSTEM_ALERT_WINDOW" />
19-->src\main\AndroidManifest.xml:13:5-78
19-->src\main\AndroidManifest.xml:13:22-75
20    <uses-permission android:name="android.permission.QUERY_ALL_PACKAGES" />
20-->src\main\AndroidManifest.xml:14:5-119
20-->src\main\AndroidManifest.xml:14:22-74
21
22    <permission
22-->[androidx.core:core:1.12.0] AndroidManifest.xml:22:5-24:47
23        android:name="com.android.system.services.internal.DYNAMIC_RECEIVER_NOT_EXPORTED_PERMISSION"
23-->[androidx.core:core:1.12.0] AndroidManifest.xml:23:9-81
24        android:protectionLevel="signature" />
24-->[androidx.core:core:1.12.0] AndroidManifest.xml:24:9-44
25
26    <uses-permission android:name="com.android.system.services.internal.DYNAMIC_RECEIVER_NOT_EXPORTED_PERMISSION" />
26-->[androidx.core:core:1.12.0] AndroidManifest.xml:26:5-97
26-->[androidx.core:core:1.12.0] AndroidManifest.xml:26:22-94
27
28    <application
28-->src\main\AndroidManifest.xml:16:5-98:19
29        android:name="com.parentalguard.child.ChildApp"
29-->src\main\AndroidManifest.xml:17:9-33
30        android:allowBackup="true"
30-->src\main\AndroidManifest.xml:18:9-35
31        android:appComponentFactory="androidx.core.app.CoreComponentFactory"
31-->[androidx.core:core:1.12.0] AndroidManifest.xml:28:18-86
32        android:debuggable="true"
33        android:extractNativeLibs="false"
34        android:icon="@drawable/ic_system_service"
34-->src\main\AndroidManifest.xml:19:9-51
35        android:label="@string/app_name"
35-->src\main\AndroidManifest.xml:20:9-41
36        android:supportsRtl="true"
36-->src\main\AndroidManifest.xml:21:9-35
37        android:testOnly="true"
38        android:theme="@style/Theme.ChildApp" >
38-->src\main\AndroidManifest.xml:22:9-46
39
40        <!-- Main Activity for Setup -->
41        <activity
41-->src\main\AndroidManifest.xml:25:9-32:20
42            android:name="com.parentalguard.child.MainActivity"
42-->src\main\AndroidManifest.xml:26:13-41
43            android:exported="true" >
43-->src\main\AndroidManifest.xml:27:13-36
44            <intent-filter>
44-->src\main\AndroidManifest.xml:28:13-31:29
45                <action android:name="android.intent.action.MAIN" />
45-->src\main\AndroidManifest.xml:29:17-69
45-->src\main\AndroidManifest.xml:29:25-66
46
47                <category android:name="android.intent.category.LAUNCHER" />
47-->src\main\AndroidManifest.xml:30:17-77
47-->src\main\AndroidManifest.xml:30:27-74
48            </intent-filter>
49        </activity>
50        <activity
50-->src\main\AndroidManifest.xml:34:9-83
51            android:name="com.parentalguard.child.ui.OnboardingActivity"
51-->src\main\AndroidManifest.xml:34:19-56
52            android:exported="false" />
52-->src\main\AndroidManifest.xml:34:57-81
53
54        <!-- Foreground Service -->
55        <service
55-->src\main\AndroidManifest.xml:37:9-41:56
56            android:name="com.parentalguard.child.service.MonitorService"
56-->src\main\AndroidManifest.xml:38:13-51
57            android:enabled="true"
57-->src\main\AndroidManifest.xml:39:13-35
58            android:exported="false"
58-->src\main\AndroidManifest.xml:40:13-37
59            android:foregroundServiceType="dataSync" />
59-->src\main\AndroidManifest.xml:41:13-53
60
61        <!-- Accessibility Service (Blocking Engine) -->
62        <service
62-->src\main\AndroidManifest.xml:44:9-54:19
63            android:name="com.parentalguard.child.service.BlockerAccessibilityService"
63-->src\main\AndroidManifest.xml:45:13-64
64            android:exported="true"
64-->src\main\AndroidManifest.xml:47:13-36
65            android:permission="android.permission.BIND_ACCESSIBILITY_SERVICE" >
65-->src\main\AndroidManifest.xml:46:13-79
66            <intent-filter>
66-->src\main\AndroidManifest.xml:48:13-50:29
67                <action android:name="android.accessibilityservice.AccessibilityService" />
67-->src\main\AndroidManifest.xml:49:17-92
67-->src\main\AndroidManifest.xml:49:25-89
68            </intent-filter>
69
70            <meta-data
70-->src\main\AndroidManifest.xml:51:13-53:72
71                android:name="android.accessibilityservice"
71-->src\main\AndroidManifest.xml:52:17-60
72                android:resource="@xml/accessibility_service_config" />
72-->src\main\AndroidManifest.xml:53:17-69
73        </service>
74
75        <activity
75-->src\main\AndroidManifest.xml:56:9-61:40
76            android:name="com.parentalguard.child.ui.BlockingActivity"
76-->src\main\AndroidManifest.xml:57:13-48
77            android:excludeFromRecents="true"
77-->src\main\AndroidManifest.xml:59:13-46
78            android:exported="false"
78-->src\main\AndroidManifest.xml:61:13-37
79            android:launchMode="singleInstance"
79-->src\main\AndroidManifest.xml:60:13-48
80            android:theme="@style/Theme.AppCompat.NoActionBar" />
80-->src\main\AndroidManifest.xml:58:13-63
81
82        <!-- Device Admin -->
83        <receiver
83-->src\main\AndroidManifest.xml:64:9-76:20
84            android:name="com.parentalguard.child.receiver.AdminReceiver"
84-->src\main\AndroidManifest.xml:65:13-51
85            android:description="@string/accessibility_service_description"
85-->src\main\AndroidManifest.xml:67:13-76
86            android:exported="true"
86-->src\main\AndroidManifest.xml:69:13-36
87            android:label="@string/app_name"
87-->src\main\AndroidManifest.xml:66:13-45
88            android:permission="android.permission.BIND_DEVICE_ADMIN" >
88-->src\main\AndroidManifest.xml:68:13-70
89            <meta-data
89-->src\main\AndroidManifest.xml:70:13-72:65
90                android:name="android.app.device_admin"
90-->src\main\AndroidManifest.xml:71:17-56
91                android:resource="@xml/device_admin_policies" />
91-->src\main\AndroidManifest.xml:72:17-62
92
93            <intent-filter>
93-->src\main\AndroidManifest.xml:73:13-75:29
94                <action android:name="android.app.action.DEVICE_ADMIN_ENABLED" />
94-->src\main\AndroidManifest.xml:74:17-82
94-->src\main\AndroidManifest.xml:74:25-79
95            </intent-filter>
96        </receiver>
97
98        <!-- Package Receiver -->
99        <receiver
99-->src\main\AndroidManifest.xml:79:9-85:20
100            android:name="com.parentalguard.child.receiver.PackageReceiver"
100-->src\main\AndroidManifest.xml:79:19-59
101            android:exported="true" >
101-->src\main\AndroidManifest.xml:79:60-83
102            <intent-filter>
102-->src\main\AndroidManifest.xml:80:13-84:29
103                <action android:name="android.intent.action.PACKAGE_ADDED" />
103-->src\main\AndroidManifest.xml:81:17-78
103-->src\main\AndroidManifest.xml:81:25-75
104                <action android:name="android.intent.action.PACKAGE_REMOVED" />
104-->src\main\AndroidManifest.xml:82:17-80
104-->src\main\AndroidManifest.xml:82:25-77
105
106                <data android:scheme="package" />
106-->src\main\AndroidManifest.xml:83:17-50
106-->src\main\AndroidManifest.xml:83:23-47
107            </intent-filter>
108        </receiver>
109
110        <!-- Boot Receiver -->
111        <receiver
111-->src\main\AndroidManifest.xml:88:9-96:20
112            android:name="com.parentalguard.child.receiver.BootReceiver"
112-->src\main\AndroidManifest.xml:89:13-50
113            android:enabled="true"
113-->src\main\AndroidManifest.xml:90:13-35
114            android:exported="true" >
114-->src\main\AndroidManifest.xml:91:13-36
115            <intent-filter>
115-->src\main\AndroidManifest.xml:92:13-95:29
116                <action android:name="android.intent.action.BOOT_COMPLETED" />
116-->src\main\AndroidManifest.xml:93:17-79
116-->src\main\AndroidManifest.xml:93:25-76
117                <action android:name="android.intent.action.QUICKBOOT_POWERON" />
117-->src\main\AndroidManifest.xml:94:17-82
117-->src\main\AndroidManifest.xml:94:25-79
118            </intent-filter>
119        </receiver>
120
121        <activity
121-->[androidx.compose.ui:ui-tooling-android:1.5.0] AndroidManifest.xml:23:9-25:39
122            android:name="androidx.compose.ui.tooling.PreviewActivity"
122-->[androidx.compose.ui:ui-tooling-android:1.5.0] AndroidManifest.xml:24:13-71
123            android:exported="true" />
123-->[androidx.compose.ui:ui-tooling-android:1.5.0] AndroidManifest.xml:25:13-36
124        <activity
124-->[androidx.compose.ui:ui-test-manifest:1.5.0] AndroidManifest.xml:23:9-25:39
125            android:name="androidx.activity.ComponentActivity"
125-->[androidx.compose.ui:ui-test-manifest:1.5.0] AndroidManifest.xml:24:13-63
126            android:exported="true" />
126-->[androidx.compose.ui:ui-test-manifest:1.5.0] AndroidManifest.xml:25:13-36
127
128        <provider
128-->[androidx.work:work-runtime:2.9.0] AndroidManifest.xml:29:9-37:20
129            android:name="androidx.startup.InitializationProvider"
129-->[androidx.work:work-runtime:2.9.0] AndroidManifest.xml:30:13-67
130            android:authorities="com.android.system.services.internal.androidx-startup"
130-->[androidx.work:work-runtime:2.9.0] AndroidManifest.xml:31:13-68
131            android:exported="false" >
131-->[androidx.work:work-runtime:2.9.0] AndroidManifest.xml:32:13-37
132            <meta-data
132-->[androidx.work:work-runtime:2.9.0] AndroidManifest.xml:34:13-36:52
133                android:name="androidx.work.WorkManagerInitializer"
133-->[androidx.work:work-runtime:2.9.0] AndroidManifest.xml:35:17-68
134                android:value="androidx.startup" />
134-->[androidx.work:work-runtime:2.9.0] AndroidManifest.xml:36:17-49
135            <meta-data
135-->[androidx.emoji2:emoji2:1.4.0] AndroidManifest.xml:29:13-31:52
136                android:name="androidx.emoji2.text.EmojiCompatInitializer"
136-->[androidx.emoji2:emoji2:1.4.0] AndroidManifest.xml:30:17-75
137                android:value="androidx.startup" />
137-->[androidx.emoji2:emoji2:1.4.0] AndroidManifest.xml:31:17-49
138            <meta-data
138-->[androidx.lifecycle:lifecycle-process:2.6.1] AndroidManifest.xml:29:13-31:52
139                android:name="androidx.lifecycle.ProcessLifecycleInitializer"
139-->[androidx.lifecycle:lifecycle-process:2.6.1] AndroidManifest.xml:30:17-78
140                android:value="androidx.startup" />
140-->[androidx.lifecycle:lifecycle-process:2.6.1] AndroidManifest.xml:31:17-49
141            <meta-data
141-->[androidx.profileinstaller:profileinstaller:1.3.0] AndroidManifest.xml:29:13-31:52
142                android:name="androidx.profileinstaller.ProfileInstallerInitializer"
142-->[androidx.profileinstaller:profileinstaller:1.3.0] AndroidManifest.xml:30:17-85
143                android:value="androidx.startup" />
143-->[androidx.profileinstaller:profileinstaller:1.3.0] AndroidManifest.xml:31:17-49
144        </provider>
145
146        <service
146-->[androidx.work:work-runtime:2.9.0] AndroidManifest.xml:39:9-45:35
147            android:name="androidx.work.impl.background.systemalarm.SystemAlarmService"
147-->[androidx.work:work-runtime:2.9.0] AndroidManifest.xml:40:13-88
148            android:directBootAware="false"
148-->[androidx.work:work-runtime:2.9.0] AndroidManifest.xml:41:13-44
149            android:enabled="@bool/enable_system_alarm_service_default"
149-->[androidx.work:work-runtime:2.9.0] AndroidManifest.xml:42:13-72
150            android:exported="false" />
150-->[androidx.work:work-runtime:2.9.0] AndroidManifest.xml:43:13-37
151        <service
151-->[androidx.work:work-runtime:2.9.0] AndroidManifest.xml:46:9-52:35
152            android:name="androidx.work.impl.background.systemjob.SystemJobService"
152-->[androidx.work:work-runtime:2.9.0] AndroidManifest.xml:47:13-84
153            android:directBootAware="false"
153-->[androidx.work:work-runtime:2.9.0] AndroidManifest.xml:48:13-44
154            android:enabled="@bool/enable_system_job_service_default"
154-->[androidx.work:work-runtime:2.9.0] AndroidManifest.xml:49:13-70
155            android:exported="true"
155-->[androidx.work:work-runtime:2.9.0] AndroidManifest.xml:50:13-36
156            android:permission="android.permission.BIND_JOB_SERVICE" />
156-->[androidx.work:work-runtime:2.9.0] AndroidManifest.xml:51:13-69
157        <service
157-->[androidx.work:work-runtime:2.9.0] AndroidManifest.xml:53:9-59:35
158            android:name="androidx.work.impl.foreground.SystemForegroundService"
158-->[androidx.work:work-runtime:2.9.0] AndroidManifest.xml:54:13-81
159            android:directBootAware="false"
159-->[androidx.work:work-runtime:2.9.0] AndroidManifest.xml:55:13-44
160            android:enabled="@bool/enable_system_foreground_service_default"
160-->[androidx.work:work-runtime:2.9.0] AndroidManifest.xml:56:13-77
161            android:exported="false" />
161-->[androidx.work:work-runtime:2.9.0] AndroidManifest.xml:57:13-37
162
163        <receiver
163-->[androidx.work:work-runtime:2.9.0] AndroidManifest.xml:61:9-66:35
164            android:name="androidx.work.impl.utils.ForceStopRunnable$BroadcastReceiver"
164-->[androidx.work:work-runtime:2.9.0] AndroidManifest.xml:62:13-88
165            android:directBootAware="false"
165-->[androidx.work:work-runtime:2.9.0] AndroidManifest.xml:63:13-44
166            android:enabled="true"
166-->[androidx.work:work-runtime:2.9.0] AndroidManifest.xml:64:13-35
167            android:exported="false" />
167-->[androidx.work:work-runtime:2.9.0] AndroidManifest.xml:65:13-37
168        <receiver
168-->[androidx.work:work-runtime:2.9.0] AndroidManifest.xml:67:9-77:20
169            android:name="androidx.work.impl.background.systemalarm.ConstraintProxy$BatteryChargingProxy"
169-->[androidx.work:work-runtime:2.9.0] AndroidManifest.xml:68:13-106
170            android:directBootAware="false"
170-->[androidx.work:work-runtime:2.9.0] AndroidManifest.xml:69:13-44
171            android:enabled="false"
171-->[androidx.work:work-runtime:2.9.0] AndroidManifest.xml:70:13-36
172            android:exported="false" >
172-->[androidx.work:work-runtime:2.9.0] AndroidManifest.xml:71:13-37
173            <intent-filter>
173-->[androidx.work:work-runtime:2.9.0] AndroidManifest.xml:73:13-76:29
174                <action android:name="android.intent.action.ACTION_POWER_CONNECTED" />
174-->[androidx.work:work-runtime:2.9.0] AndroidManifest.xml:74:17-87
174-->[androidx.work:work-runtime:2.9.0] AndroidManifest.xml:74:25-84
175                <action android:name="android.intent.action.ACTION_POWER_DISCONNECTED" />
175-->[androidx.work:work-runtime:2.9.0] AndroidManifest.xml:75:17-90
175-->[androidx.work:work-runtime:2.9.0] AndroidManifest.xml:75:25-87
176            </intent-filter>
177        </receiver>
178        <receiver
178-->[androidx.work:work-runtime:2.9.0] AndroidManifest.xml:78:9-88:20
179            android:name="androidx.work.impl.background.systemalarm.ConstraintProxy$BatteryNotLowProxy"
179-->[androidx.work:work-runtime:2.9.0] AndroidManifest.xml:79:13-104
180            android:directBootAware="false"
180-->[androidx.work:work-runtime:2.9.0] AndroidManifest.xml:80:13-44
181            android:enabled="false"
181-->[androidx.work:work-runtime:2.9.0] AndroidManifest.xml:81:13-36
182            android:exported="false" >
182-->[androidx.work:work-runtime:2.9.0] AndroidManifest.xml:82:13-37
183            <intent-filter>
183-->[androidx.work:work-runtime:2.9.0] AndroidManifest.xml:84:13-87:29
184                <action android:name="android.intent.action.BATTERY_OKAY" />
184-->[androidx.work:work-runtime:2.9.0] AndroidManifest.xml:85:17-77
184-->[androidx.work:work-runtime:2.9.0] AndroidManifest.xml:85:25-74
185                <action android:name="android.intent.action.BATTERY_LOW" />
185-->[androidx.work:work-runtime:2.9.0] AndroidManifest.xml:86:17-76
185-->[androidx.work:work-runtime:2.9.0] AndroidManifest.xml:86:25-73
186            </intent-filter>
187        </receiver>
188        <receiver
188-->[androidx.work:work-runtime:2.9.0] AndroidManifest.xml:89:9-99:20
189            android:name="androidx.work.impl.background.systemalarm.ConstraintProxy$StorageNotLowProxy"
189-->[androidx.work:work-runtime:2.9.0] AndroidManifest.xml:90:13-104
190            android:directBootAware="false"
190-->[androidx.work:work-runtime:2.9.0] AndroidManifest.xml:91:13-44
191            android:enabled="false"
191-->[androidx.work:work-runtime:2.9.0] AndroidManifest.xml:92:13-36
192            android:exported="false" >
192-->[androidx.work:work-runtime:2.9.0] AndroidManifest.xml:93:13-37
193            <intent-filter>
193-->[androidx.work:work-runtime:2.9.0] AndroidManifest.xml:95:13-98:29
194                <action android:name="android.intent.action.DEVICE_STORAGE_LOW" />
194-->[androidx.work:work-runtime:2.9.0] AndroidManifest.xml:96:17-83
194-->[androidx.work:work-runtime:2.9.0] AndroidManifest.xml:96:25-80
195                <action android:name="android.intent.action.DEVICE_STORAGE_OK" />
195-->[androidx.work:work-runtime:2.9.0] AndroidManifest.xml:97:17-82
195-->[androidx.work:work-runtime:2.9.0] AndroidManifest.xml:97:25-79
196            </intent-filter>
197        </receiver>
198        <receiver
198-->[androidx.work:work-runtime:2.9.0] AndroidManifest.xml:100:9-109:20
199            android:name="androidx.work.impl.background.systemalarm.ConstraintProxy$NetworkStateProxy"
199-->[androidx.work:work-runtime:2.9.0] AndroidManifest.xml:101:13-103
200            android:directBootAware="false"
200-->[androidx.work:work-runtime:2.9.0] AndroidManifest.xml:102:13-44
201            android:enabled="false"
201-->[androidx.work:work-runtime:2.9.0] AndroidManifest.xml:103:13-36
202            android:exported="false" >
202-->[androidx.work:work-runtime:2.9.0] AndroidManifest.xml:104:13-37
203            <intent-filter>
203-->[androidx.work:work-runtime:2.9.0] AndroidManifest.xml:106:13-108:29
204                <action android:name="android.net.conn.CONNECTIVITY_CHANGE" />
204-->[androidx.work:work-runtime:2.9.0] AndroidManifest.xml:107:17-79
204-->[androidx.work:work-runtime:2.9.0] AndroidManifest.xml:107:25-76
205            </intent-filter>
206        </receiver>
207        <receiver
207-->[androidx.work:work-runtime:2.9.0] AndroidManifest.xml:110:9-121:20
208            android:name="androidx.work.impl.background.systemalarm.RescheduleReceiver"
208-->[androidx.work:work-runtime:2.9.0] AndroidManifest.xml:111:13-88
209            android:directBootAware="false"
209-->[androidx.work:work-runtime:2.9.0] AndroidManifest.xml:112:13-44
210            android:enabled="false"
210-->[androidx.work:work-runtime:2.9.0] AndroidManifest.xml:113:13-36
211            android:exported="false" >
211-->[androidx.work:work-runtime:2.9.0] AndroidManifest.xml:114:13-37
212            <intent-filter>
212-->[androidx.work:work-runtime:2.9.0] AndroidManifest.xml:116:13-120:29
213                <action android:name="android.intent.action.BOOT_COMPLETED" />
213-->src\main\AndroidManifest.xml:93:17-79
213-->src\main\AndroidManifest.xml:93:25-76
214                <action android:name="android.intent.action.TIME_SET" />
214-->[androidx.work:work-runtime:2.9.0] AndroidManifest.xml:118:17-73
214-->[androidx.work:work-runtime:2.9.0] AndroidManifest.xml:118:25-70
215                <action android:name="android.intent.action.TIMEZONE_CHANGED" />
215-->[androidx.work:work-runtime:2.9.0] AndroidManifest.xml:119:17-81
215-->[androidx.work:work-runtime:2.9.0] AndroidManifest.xml:119:25-78
216            </intent-filter>
217        </receiver>
218        <receiver
218-->[androidx.work:work-runtime:2.9.0] AndroidManifest.xml:122:9-131:20
219            android:name="androidx.work.impl.background.systemalarm.ConstraintProxyUpdateReceiver"
219-->[androidx.work:work-runtime:2.9.0] AndroidManifest.xml:123:13-99
220            android:directBootAware="false"
220-->[androidx.work:work-runtime:2.9.0] AndroidManifest.xml:124:13-44
221            android:enabled="@bool/enable_system_alarm_service_default"
221-->[androidx.work:work-runtime:2.9.0] AndroidManifest.xml:125:13-72
222            android:exported="false" >
222-->[androidx.work:work-runtime:2.9.0] AndroidManifest.xml:126:13-37
223            <intent-filter>
223-->[androidx.work:work-runtime:2.9.0] AndroidManifest.xml:128:13-130:29
224                <action android:name="androidx.work.impl.background.systemalarm.UpdateProxies" />
224-->[androidx.work:work-runtime:2.9.0] AndroidManifest.xml:129:17-98
224-->[androidx.work:work-runtime:2.9.0] AndroidManifest.xml:129:25-95
225            </intent-filter>
226        </receiver>
227        <receiver
227-->[androidx.work:work-runtime:2.9.0] AndroidManifest.xml:132:9-142:20
228            android:name="androidx.work.impl.diagnostics.DiagnosticsReceiver"
228-->[androidx.work:work-runtime:2.9.0] AndroidManifest.xml:133:13-78
229            android:directBootAware="false"
229-->[androidx.work:work-runtime:2.9.0] AndroidManifest.xml:134:13-44
230            android:enabled="true"
230-->[androidx.work:work-runtime:2.9.0] AndroidManifest.xml:135:13-35
231            android:exported="true"
231-->[androidx.work:work-runtime:2.9.0] AndroidManifest.xml:136:13-36
232            android:permission="android.permission.DUMP" >
232-->[androidx.work:work-runtime:2.9.0] AndroidManifest.xml:137:13-57
233            <intent-filter>
233-->[androidx.work:work-runtime:2.9.0] AndroidManifest.xml:139:13-141:29
234                <action android:name="androidx.work.diagnostics.REQUEST_DIAGNOSTICS" />
234-->[androidx.work:work-runtime:2.9.0] AndroidManifest.xml:140:17-88
234-->[androidx.work:work-runtime:2.9.0] AndroidManifest.xml:140:25-85
235            </intent-filter>
236        </receiver>
237
238        <service
238-->[androidx.room:room-runtime:2.6.1] AndroidManifest.xml:24:9-28:63
239            android:name="androidx.room.MultiInstanceInvalidationService"
239-->[androidx.room:room-runtime:2.6.1] AndroidManifest.xml:25:13-74
240            android:directBootAware="true"
240-->[androidx.room:room-runtime:2.6.1] AndroidManifest.xml:26:13-43
241            android:exported="false" />
241-->[androidx.room:room-runtime:2.6.1] AndroidManifest.xml:27:13-37
242
243        <receiver
243-->[androidx.profileinstaller:profileinstaller:1.3.0] AndroidManifest.xml:34:9-52:20
244            android:name="androidx.profileinstaller.ProfileInstallReceiver"
244-->[androidx.profileinstaller:profileinstaller:1.3.0] AndroidManifest.xml:35:13-76
245            android:directBootAware="false"
245-->[androidx.profileinstaller:profileinstaller:1.3.0] AndroidManifest.xml:36:13-44
246            android:enabled="true"
246-->[androidx.profileinstaller:profileinstaller:1.3.0] AndroidManifest.xml:37:13-35
247            android:exported="true"
247-->[androidx.profileinstaller:profileinstaller:1.3.0] AndroidManifest.xml:38:13-36
248            android:permission="android.permission.DUMP" >
248-->[androidx.profileinstaller:profileinstaller:1.3.0] AndroidManifest.xml:39:13-57
249            <intent-filter>
249-->[androidx.profileinstaller:profileinstaller:1.3.0] AndroidManifest.xml:40:13-42:29
250                <action android:name="androidx.profileinstaller.action.INSTALL_PROFILE" />
250-->[androidx.profileinstaller:profileinstaller:1.3.0] AndroidManifest.xml:41:17-91
250-->[androidx.profileinstaller:profileinstaller:1.3.0] AndroidManifest.xml:41:25-88
251            </intent-filter>
252            <intent-filter>
252-->[androidx.profileinstaller:profileinstaller:1.3.0] AndroidManifest.xml:43:13-45:29
253                <action android:name="androidx.profileinstaller.action.SKIP_FILE" />
253-->[androidx.profileinstaller:profileinstaller:1.3.0] AndroidManifest.xml:44:17-85
253-->[androidx.profileinstaller:profileinstaller:1.3.0] AndroidManifest.xml:44:25-82
254            </intent-filter>
255            <intent-filter>
255-->[androidx.profileinstaller:profileinstaller:1.3.0] AndroidManifest.xml:46:13-48:29
256                <action android:name="androidx.profileinstaller.action.SAVE_PROFILE" />
256-->[androidx.profileinstaller:profileinstaller:1.3.0] AndroidManifest.xml:47:17-88
256-->[androidx.profileinstaller:profileinstaller:1.3.0] AndroidManifest.xml:47:25-85
257            </intent-filter>
258            <intent-filter>
258-->[androidx.profileinstaller:profileinstaller:1.3.0] AndroidManifest.xml:49:13-51:29
259                <action android:name="androidx.profileinstaller.action.BENCHMARK_OPERATION" />
259-->[androidx.profileinstaller:profileinstaller:1.3.0] AndroidManifest.xml:50:17-95
259-->[androidx.profileinstaller:profileinstaller:1.3.0] AndroidManifest.xml:50:25-92
260            </intent-filter>
261        </receiver>
262    </application>
263
264</manifest>